c:\users\davidu\desktop\fms5774_3755_6603-master\fms5774_3755_6603\x64\debug\fms5774_3755_6603.pdb
c:\users\davidu\desktop\fms5774_3755_6603-master\fms5774_3755_6603\x64\debug\fms5774_3755_6603.idb
c:\users\davidu\desktop\fms5774_3755_6603-master\fms5774_3755_6603\x64\debug\dat.obj
c:\users\davidu\desktop\fms5774_3755_6603-master\fms5774_3755_6603\x64\debug\direntry.obj
c:\users\davidu\desktop\fms5774_3755_6603-master\fms5774_3755_6603\x64\debug\disk.obj
c:\users\davidu\desktop\fms5774_3755_6603-master\fms5774_3755_6603\x64\debug\fcb.obj
c:\users\davidu\desktop\fms5774_3755_6603-master\fms5774_3755_6603\x64\debug\fileheader.obj
c:\users\davidu\desktop\fms5774_3755_6603-master\fms5774_3755_6603\x64\debug\main.obj
c:\users\davidu\desktop\fms5774_3755_6603-master\fms5774_3755_6603\x64\debug\dms.obj
c:\users\davidu\desktop\fms5774_3755_6603-master\fms5774_3755_6603\x64\debug\testlevel1.obj
c:\users\davidu\desktop\fms5774_3755_6603-master\fms5774_3755_6603\x64\debug\testlevel_0.obj
c:\users\davidu\desktop\fms5774_3755_6603-master\fms5774_3755_6603\x64\debug\testlevel_2.obj
c:\users\davidu\desktop\fms5774_3755_6603-master\fms5774_3755_6603\x64\debug\testlevel_3.obj
c:\users\davidu\desktop\fms5774_3755_6603-master\fms5774_3755_6603\x64\debug\volumeheader.obj
c:\users\davidu\desktop\fms5774_3755_6603-master\fms5774_3755_6603\x64\debug\vc140.pdb
c:\users\davidu\desktop\fms5774_3755_6603-master\fms5774_3755_6603\x64\debug\vc140.idb
c:\users\davidu\desktop\fms5774_3755_6603-master\x64\debug\fms5774_3755_6603.lib
c:\users\davidu\desktop\fms5774_3755_6603-master\x64\debug\fms5774_3755_6603.exp
c:\users\davidu\desktop\fms5774_3755_6603-master\x64\debug\fms5774_3755_6603.ilk
c:\users\davidu\desktop\fms5774_3755_6603-master\x64\debug\fms5774_3755_6603.exe
c:\users\davidu\desktop\fms5774_3755_6603-master\x64\debug\fms5774_3755_6603.pdb
c:\users\davidu\desktop\fms5774_3755_6603-master\fms5774_3755_6603\x64\debug\fms5774_.7e7495ac.tlog\cl.command.1.tlog
c:\users\davidu\desktop\fms5774_3755_6603-master\fms5774_3755_6603\x64\debug\fms5774_.7e7495ac.tlog\cl.read.1.tlog
c:\users\davidu\desktop\fms5774_3755_6603-master\fms5774_3755_6603\x64\debug\fms5774_.7e7495ac.tlog\cl.write.1.tlog
c:\users\davidu\desktop\fms5774_3755_6603-master\fms5774_3755_6603\x64\debug\fms5774_.7e7495ac.tlog\fms5774_3755_6603.write.1u.tlog
c:\users\davidu\desktop\fms5774_3755_6603-master\fms5774_3755_6603\x64\debug\fms5774_.7e7495ac.tlog\lib-link.read.1.tlog
c:\users\davidu\desktop\fms5774_3755_6603-master\fms5774_3755_6603\x64\debug\fms5774_.7e7495ac.tlog\lib-link.write.1.tlog
c:\users\davidu\desktop\fms5774_3755_6603-master\fms5774_3755_6603\x64\debug\fms5774_.7e7495ac.tlog\lib.command.1.tlog
c:\users\davidu\desktop\fms5774_3755_6603-master\fms5774_3755_6603\x64\debug\fms5774_.7e7495ac.tlog\link.command.1.tlog
c:\users\davidu\desktop\fms5774_3755_6603-master\fms5774_3755_6603\x64\debug\fms5774_.7e7495ac.tlog\link.read.1.tlog
c:\users\davidu\desktop\fms5774_3755_6603-master\fms5774_3755_6603\x64\debug\fms5774_.7e7495ac.tlog\link.write.1.tlog
